This file contains any messages produced by compilers while
running configure, to aid debugging if configure makes a mistake.

It was created by lcm configure 1.2.1, which was
generated by GNU Autoconf 2.69.  Invocation command line was

  $ ./configure --no-create --no-recursion

## --------- ##
## Platform. ##
## --------- ##

hostname = ubuntu
uname -m = i686
uname -r = 3.16.0-34-generic
uname -s = Linux
uname -v = #47-Ubuntu SMP Fri Apr 10 18:03:41 UTC 2015

/usr/bin/uname -p = unknown
/bin/uname -X     = unknown

/bin/arch              = unknown
/usr/bin/arch -k       = unknown
/usr/convex/getsysinfo = unknown
/usr/bin/hostinfo      = unknown
/bin/machine           = unknown
/usr/bin/oslevel       = unknown
/bin/universe          = unknown

PATH: /usr/local/sbin
PATH: /usr/local/bin
PATH: /usr/sbin
PATH: /usr/bin
PATH: /sbin
PATH: /bin
PATH: /usr/games
PATH: /usr/local/games


## ----------- ##
## Core tests. ##
## ----------- ##

configure:2315: checking build system type
configure:2329: result: i686-pc-linux-gnu
configure:2349: checking host system type
configure:2362: result: i686-pc-linux-gnu
configure:2382: checking target system type
configure:2395: result: i686-pc-linux-gnu
configure:2438: checking for a BSD-compatible install
configure:2506: result: /usr/bin/install -c
configure:2517: checking whether build environment is sane
configure:2572: result: yes
configure:2723: checking for a thread-safe mkdir -p
configure:2762: result: /bin/mkdir -p
configure:2769: checking for gawk
configure:2799: result: no
configure:2769: checking for mawk
configure:2785: found /usr/bin/mawk
configure:2796: result: mawk
configure:2807: checking whether make sets $(MAKE)
configure:2829: result: yes
configure:2858: checking whether make supports nested variables
configure:2875: result: yes
configure:2964: checking whether UID '1000' is supported by ustar format
configure:2967: result: yes
configure:2974: checking whether GID '1000' is supported by ustar format
configure:2977: result: yes
configure:2985: checking how to create a ustar tar archive
configure:2996: tar --version
tar (GNU tar) 1.27.1
Copyright (C) 2013 Free Software Foundation, Inc.
License GPLv3+: GNU GPL version 3 or later <http://gnu.org/licenses/gpl.html>.
This is free software: you are free to change and redistribute it.
There is NO WARRANTY, to the extent permitted by law.

Written by John Gilmore and Jay Fenlason.
configure:2999: $? = 0
configure:3039: tardir=conftest.dir && eval tar --format=ustar -chf - "$tardir" >conftest.tar
configure:3042: $? = 0
configure:3046: tar -xf - <conftest.tar
configure:3049: $? = 0
configure:3051: cat conftest.dir/file
GrepMe
configure:3054: $? = 0
configure:3067: result: gnutar
configure:3167: checking for gcc
configure:3183: found /usr/bin/gcc
configure:3194: result: gcc
configure:3423: checking for C compiler version
configure:3432: gcc --version >&5
gcc (Ubuntu 4.9.1-16ubuntu6) 4.9.1
Copyright (C) 2014 Free Software Foundation, Inc.
This is free software; see the source for copying conditions.  There is NO
warranty; not even for MERCHANTABILITY or FITNESS FOR A PARTICULAR PURPOSE.

configure:3443: $? = 0
configure:3432: gcc -v >&5
Using built-in specs.
COLLECT_GCC=gcc
COLLECT_LTO_WRAPPER=/usr/lib/gcc/i686-linux-gnu/4.9/lto-wrapper
Target: i686-linux-gnu
Configured with: ../src/configure -v --with-pkgversion='Ubuntu 4.9.1-16ubuntu6' --with-bugurl=file:///usr/share/doc/gcc-4.9/README.Bugs --enable-languages=c,c++,java,go,d,fortran,objc,obj-c++ --prefix=/usr --program-suffix=-4.9 --enable-shared --enable-linker-build-id --libexecdir=/usr/lib --without-included-gettext --enable-threads=posix --with-gxx-include-dir=/usr/include/c++/4.9 --libdir=/usr/lib --enable-nls --with-sysroot=/ --enable-clocale=gnu --enable-libstdcxx-debug --enable-libstdcxx-time=yes --enable-gnu-unique-object --disable-vtable-verify --enable-plugin --with-system-zlib --disable-browser-plugin --enable-java-awt=gtk --enable-gtk-cairo --with-java-home=/usr/lib/jvm/java-1.5.0-gcj-4.9-i386/jre --enable-java-home --with-jvm-root-dir=/usr/lib/jvm/java-1.5.0-gcj-4.9-i386 --with-jvm-jar-dir=/usr/lib/jvm-exports/java-1.5.0-gcj-4.9-i386 --with-arch-directory=i386 --with-ecj-jar=/usr/share/java/eclipse-ecj.jar --enable-objc-gc --enable-targets=all --enable-multiarch --disable-werror --with-arch-32=i686 --with-multilib-list=m32,m64,mx32 --enable-multilib --with-tune=generic --enable-checking=release --build=i686-linux-gnu --host=i686-linux-gnu --target=i686-linux-gnu
Thread model: posix
gcc version 4.9.1 (Ubuntu 4.9.1-16ubuntu6) 
configure:3443: $? = 0
configure:3432: gcc -V >&5
gcc: error: unrecognized command line option '-V'
gcc: fatal error: no input files
compilation terminated.
configure:3443: $? = 4
configure:3432: gcc -qversion >&5
gcc: error: unrecognized command line option '-qversion'
gcc: fatal error: no input files
compilation terminated.
configure:3443: $? = 4
configure:3463: checking whether the C compiler works
configure:3485: gcc    conftest.c  >&5
configure:3489: $? = 0
configure:3537: result: yes
configure:3540: checking for C compiler default output file name
configure:3542: result: a.out
configure:3548: checking for suffix of executables
configure:3555: gcc -o conftest    conftest.c  >&5
configure:3559: $? = 0
configure:3581: result: 
configure:3603: checking whether we are cross compiling
configure:3611: gcc -o conftest    conftest.c  >&5
configure:3615: $? = 0
configure:3622: ./conftest
configure:3626: $? = 0
configure:3641: result: no
configure:3646: checking for suffix of object files
configure:3668: gcc -c   conftest.c >&5
configure:3672: $? = 0
configure:3693: result: o
configure:3697: checking whether we are using the GNU C compiler
configure:3716: gcc -c   conftest.c >&5
configure:3716: $? = 0
configure:3725: result: yes
configure:3734: checking whether gcc accepts -g
configure:3754: gcc -c -g  conftest.c >&5
configure:3754: $? = 0
configure:3795: result: yes
configure:3812: checking for gcc option to accept ISO C89
configure:3875: gcc  -c -g -O2  conftest.c >&5
configure:3875: $? = 0
configure:3888: result: none needed
configure:3913: checking whether gcc understands -c and -o together
configure:3935: gcc -c conftest.c -o conftest2.o
configure:3938: $? = 0
configure:3935: gcc -c conftest.c -o conftest2.o
configure:3938: $? = 0
configure:3950: result: yes
configure:3978: checking for style of include used by make
configure:4006: result: GNU
configure:4032: checking dependency style of gcc
configure:4143: result: gcc3
configure:4212: checking for pkg-config
configure:4230: found /usr/bin/pkg-config
configure:4242: result: /usr/bin/pkg-config
configure:4267: checking pkg-config is at least version 0.9.0
configure:4270: result: yes
configure:4280: checking for GLIB
configure:4287: $PKG_CONFIG --exists --print-errors "glib-2.0 >= 2.0.0 gthread-2.0 >= 2.0.0"
configure:4290: $? = 0
configure:4304: $PKG_CONFIG --exists --print-errors "glib-2.0 >= 2.0.0 gthread-2.0 >= 2.0.0"
configure:4307: $? = 0
configure:4345: result: yes
configure:4353: checking for jar
configure:4386: result: no
configure:4398: checking for javac
configure:4431: result: no
configure:4451: checking whether make supports nested variables
configure:4468: result: yes
configure:4568: checking how to print strings
configure:4595: result: printf
configure:4616: checking for a sed that does not truncate output
configure:4680: result: /bin/sed
configure:4698: checking for grep that handles long lines and -e
configure:4756: result: /bin/grep
configure:4761: checking for egrep
configure:4823: result: /bin/grep -E
configure:4828: checking for fgrep
configure:4890: result: /bin/grep -F
configure:4925: checking for ld used by gcc
configure:4992: result: /usr/bin/ld
configure:4999: checking if the linker (/usr/bin/ld) is GNU ld
configure:5014: result: yes
configure:5026: checking for BSD- or MS-compatible name lister (nm)
configure:5075: result: /usr/bin/nm -B
configure:5205: checking the name lister (/usr/bin/nm -B) interface
configure:5212: gcc -c -g -O2  conftest.c >&5
configure:5215: /usr/bin/nm -B "conftest.o"
configure:5218: output
00000000 B some_variable
configure:5225: result: BSD nm
configure:5228: checking whether ln -s works
configure:5232: result: yes
configure:5240: checking the maximum length of command line arguments
configure:5371: result: 1572864
configure:5388: checking whether the shell understands some XSI constructs
configure:5398: result: yes
configure:5402: checking whether the shell understands "+="
configure:5408: result: yes
configure:5443: checking how to convert i686-pc-linux-gnu file names to i686-pc-linux-gnu format
configure:5483: result: func_convert_file_noop
configure:5490: checking how to convert i686-pc-linux-gnu file names to toolchain format
configure:5510: result: func_convert_file_noop
configure:5517: checking for /usr/bin/ld option to reload object files
configure:5524: result: -r
configure:5598: checking for objdump
configure:5614: found /usr/bin/objdump
configure:5625: result: objdump
configure:5657: checking how to recognize dependent libraries
configure:5855: result: pass_all
configure:5940: checking for dlltool
configure:5970: result: no
configure:6000: checking how to associate runtime and link libraries
configure:6027: result: printf %s\n
configure:6088: checking for ar
configure:6104: found /usr/bin/ar
configure:6115: result: ar
configure:6152: checking for archiver @FILE support
configure:6169: gcc -c -g -O2  conftest.c >&5
configure:6169: $? = 0
configure:6172: ar cru libconftest.a @conftest.lst >&5
configure:6175: $? = 0
configure:6180: ar cru libconftest.a @conftest.lst >&5
ar: conftest.o: No such file or directory
configure:6183: $? = 1
configure:6195: result: @
configure:6253: checking for strip
configure:6269: found /usr/bin/strip
configure:6280: result: strip
configure:6352: checking for ranlib
configure:6368: found /usr/bin/ranlib
configure:6379: result: ranlib
configure:6481: checking command to parse /usr/bin/nm -B output from gcc object
configure:6601: gcc -c -g -O2  conftest.c >&5
configure:6604: $? = 0
configure:6608: /usr/bin/nm -B conftest.o \| sed -n -e 's/^.*[ ]\([ABCDGIRSTW][ABCDGIRSTW]*\)[ ][ ]*\([_A-Za-z][_A-Za-z0-9]*\)$/\1 \2 \2/p' | sed '/ __gnu_lto/d' \> conftest.nm
configure:6611: $? = 0
configure:6677: gcc -o conftest -g -O2   conftest.c conftstm.o >&5
configure:6680: $? = 0
configure:6718: result: ok
configure:6755: checking for sysroot
configure:6785: result: no
configure:7054: checking for mt
configure:7070: found /bin/mt
configure:7081: result: mt
configure:7104: checking if mt is a manifest tool
configure:7110: mt '-?'
configure:7118: result: no
configure:7760: checking how to run the C preprocessor
configure:7791: gcc -E  conftest.c
configure:7791: $? = 0
configure:7805: gcc -E  conftest.c
conftest.c:11:28: fatal error: ac_nonexistent.h: No such file or directory
 #include <ac_nonexistent.h>
                            ^
compilation terminated.
configure:7805: $? = 1
configure: failed program was:
| /* confdefs.h */
| #define PACKAGE_NAME "lcm"
| #define PACKAGE_TARNAME "lcm"
| #define PACKAGE_VERSION "1.2.1"
| #define PACKAGE_STRING "lcm 1.2.1"
| #define PACKAGE_BUGREPORT ""
| #define PACKAGE_URL ""
| #define PACKAGE "lcm"
| #define VERSION "1.2.1"
| /* end confdefs.h.  */
| #include <ac_nonexistent.h>
configure:7830: result: gcc -E
configure:7850: gcc -E  conftest.c
configure:7850: $? = 0
configure:7864: gcc -E  conftest.c
conftest.c:11:28: fatal error: ac_nonexistent.h: No such file or directory
 #include <ac_nonexistent.h>
                            ^
compilation terminated.
configure:7864: $? = 1
configure: failed program was:
| /* confdefs.h */
| #define PACKAGE_NAME "lcm"
| #define PACKAGE_TARNAME "lcm"
| #define PACKAGE_VERSION "1.2.1"
| #define PACKAGE_STRING "lcm 1.2.1"
| #define PACKAGE_BUGREPORT ""
| #define PACKAGE_URL ""
| #define PACKAGE "lcm"
| #define VERSION "1.2.1"
| /* end confdefs.h.  */
| #include <ac_nonexistent.h>
configure:7893: checking for ANSI C header files
configure:7913: gcc -c -g -O2  conftest.c >&5
configure:7913: $? = 0
configure:7986: gcc -o conftest -g -O2   conftest.c  >&5
configure:7986: $? = 0
configure:7986: ./conftest
configure:7986: $? = 0
configure:7997: result: yes
configure:8010: checking for sys/types.h
configure:8010: gcc -c -g -O2  conftest.c >&5
configure:8010: $? = 0
configure:8010: result: yes
configure:8010: checking for sys/stat.h
configure:8010: gcc -c -g -O2  conftest.c >&5
configure:8010: $? = 0
configure:8010: result: yes
configure:8010: checking for stdlib.h
configure:8010: gcc -c -g -O2  conftest.c >&5
configure:8010: $? = 0
configure:8010: result: yes
configure:8010: checking for string.h
configure:8010: gcc -c -g -O2  conftest.c >&5
configure:8010: $? = 0
configure:8010: result: yes
configure:8010: checking for memory.h
configure:8010: gcc -c -g -O2  conftest.c >&5
configure:8010: $? = 0
configure:8010: result: yes
configure:8010: checking for strings.h
configure:8010: gcc -c -g -O2  conftest.c >&5
configure:8010: $? = 0
configure:8010: result: yes
configure:8010: checking for inttypes.h
configure:8010: gcc -c -g -O2  conftest.c >&5
configure:8010: $? = 0
configure:8010: result: yes
configure:8010: checking for stdint.h
configure:8010: gcc -c -g -O2  conftest.c >&5
configure:8010: $? = 0
configure:8010: result: yes
configure:8010: checking for unistd.h
configure:8010: gcc -c -g -O2  conftest.c >&5
configure:8010: $? = 0
configure:8010: result: yes
configure:8024: checking for dlfcn.h
configure:8024: gcc -c -g -O2  conftest.c >&5
configure:8024: $? = 0
configure:8024: result: yes
configure:8200: checking for objdir
configure:8215: result: .libs
configure:8486: checking if gcc supports -fno-rtti -fno-exceptions
configure:8504: gcc -c -g -O2  -fno-rtti -fno-exceptions conftest.c >&5
cc1: warning: command line option '-fno-rtti' is valid for C++/ObjC++ but not for C
configure:8508: $? = 0
configure:8521: result: no
configure:8848: checking for gcc option to produce PIC
configure:8855: result: -fPIC -DPIC
configure:8863: checking if gcc PIC flag -fPIC -DPIC works
configure:8881: gcc -c -g -O2  -fPIC -DPIC -DPIC conftest.c >&5
configure:8885: $? = 0
configure:8898: result: yes
configure:8927: checking if gcc static flag -static works
configure:8955: result: yes
configure:8970: checking if gcc supports -c -o file.o
configure:8991: gcc -c -g -O2  -o out/conftest2.o conftest.c >&5
configure:8995: $? = 0
configure:9017: result: yes
configure:9025: checking if gcc supports -c -o file.o
configure:9072: result: yes
configure:9105: checking whether the gcc linker (/usr/bin/ld) supports shared libraries
configure:10262: result: yes
configure:10299: checking whether -lc should be explicitly linked in
configure:10307: gcc -c -g -O2  conftest.c >&5
configure:10310: $? = 0
configure:10325: gcc -shared  -fPIC -DPIC conftest.o  -v -Wl,-soname -Wl,conftest -o conftest 2\>\&1 \| /bin/grep  -lc  \>/dev/null 2\>\&1
configure:10328: $? = 0
configure:10342: result: no
configure:10502: checking dynamic linker characteristics
configure:11002: gcc -o conftest -g -O2   -Wl,-rpath -Wl,/foo conftest.c  >&5
configure:11002: $? = 0
configure:11236: result: GNU/Linux ld.so
configure:11343: checking how to hardcode library paths into programs
configure:11368: result: immediate
configure:11908: checking whether stripping libraries is possible
configure:11913: result: yes
configure:11948: checking if libtool supports shared libraries
configure:11950: result: yes
configure:11953: checking whether to build shared libraries
configure:11974: result: yes
configure:11977: checking whether to build static libraries
configure:11981: result: no
configure:12021: checking for library containing gethostbyname
configure:12052: gcc -o conftest -g -O2   conftest.c  >&5
configure:12052: $? = 0
configure:12069: result: none required
configure:12077: checking for library containing socket
configure:12108: gcc -o conftest -g -O2   conftest.c  >&5
configure:12108: $? = 0
configure:12125: result: none required
configure:12178: checking for library containing nanosleep
configure:12209: gcc -o conftest -g -O2   conftest.c  >&5
configure:12209: $? = 0
configure:12226: result: none required
configure:12236: checking for library containing inet_aton
configure:12267: gcc -o conftest -g -O2   conftest.c  >&5
configure:12267: $? = 0
configure:12284: result: none required
configure:12338: checking for a Python interpreter with version >= 2.3
configure:12355: python -c import sys # split strings by '.' and convert to numeric. Append some zeros # because we need at least 4 digits for the hex conversion. # map returns an iterator in Python 3.0 and a list in 2.x minver = list(map(int, '2.3'.split('.'))) + [0, 0, 0] minverhex = 0 # xrange is not present in Python 3.0 and range returns an iterator for i in list(range(0, 4)): minverhex = (minverhex << 8) + minver[i] sys.exit(sys.hexversion < minverhex)
configure:12358: $? = 0
configure:12364: result: python
configure:12372: checking for python
configure:12390: found /usr/bin/python
configure:12402: result: /usr/bin/python
configure:12420: checking for python version
configure:12427: result: 2.7
configure:12439: checking for python platform
configure:12446: result: linux2
configure:12472: checking for python script directory
configure:12507: result: ${prefix}/lib/python2.7/dist-packages
configure:12516: checking for python extension module directory
configure:12551: result: ${exec_prefix}/lib/python2.7/dist-packages
configure:12565: checking for headers required to compile python extensions
configure:12584: gcc -E  -I/usr/include/python2.7 conftest.c
conftest.c:23:20: fatal error: Python.h: No such file or directory
 #include <Python.h>
                    ^
compilation terminated.
configure:12584: $? = 1
configure: failed program was:
| /* confdefs.h */
| #define PACKAGE_NAME "lcm"
| #define PACKAGE_TARNAME "lcm"
| #define PACKAGE_VERSION "1.2.1"
| #define PACKAGE_STRING "lcm 1.2.1"
| #define PACKAGE_BUGREPORT ""
| #define PACKAGE_URL ""
| #define PACKAGE "lcm"
| #define VERSION "1.2.1"
| #define STDC_HEADERS 1
| #define HAVE_SYS_TYPES_H 1
| #define HAVE_SYS_STAT_H 1
| #define HAVE_STDLIB_H 1
| #define HAVE_STRING_H 1
| #define HAVE_MEMORY_H 1
| #define HAVE_STRINGS_H 1
| #define HAVE_INTTYPES_H 1
| #define HAVE_STDINT_H 1
| #define HAVE_UNISTD_H 1
| #define HAVE_DLFCN_H 1
| #define LT_OBJDIR ".libs/"
| /* end confdefs.h.  */
| #include <Python.h>
configure:12589: result: not found
configure:12618: WARNING: Java support disabled
configure:12733: checking for a Lua interpreter with version >= 5.1
configure:12796: result: none
configure:13603: checking that generated files are newer than configure
configure:13609: result: done
configure:13644: creating ./config.status

## ---------------- ##
## Cache variables. ##
## ---------------- ##

ac_cv_build=i686-pc-linux-gnu
ac_cv_c_compiler_gnu=yes
ac_cv_env_CC_set=
ac_cv_env_CC_value=
ac_cv_env_CFLAGS_set=
ac_cv_env_CFLAGS_value=
ac_cv_env_CPPFLAGS_set=
ac_cv_env_CPPFLAGS_value=
ac_cv_env_CPP_set=
ac_cv_env_CPP_value=
ac_cv_env_GLIB_CFLAGS_set=
ac_cv_env_GLIB_CFLAGS_value=
ac_cv_env_GLIB_LIBS_set=
ac_cv_env_GLIB_LIBS_value=
ac_cv_env_LDFLAGS_set=
ac_cv_env_LDFLAGS_value=
ac_cv_env_LIBS_set=
ac_cv_env_LIBS_value=
ac_cv_env_LUA_INCLUDE_set=
ac_cv_env_LUA_INCLUDE_value=
ac_cv_env_LUA_LIB_set=
ac_cv_env_LUA_LIB_value=
ac_cv_env_LUA_set=
ac_cv_env_LUA_value=
ac_cv_env_PKG_CONFIG_LIBDIR_set=
ac_cv_env_PKG_CONFIG_LIBDIR_value=
ac_cv_env_PKG_CONFIG_PATH_set=
ac_cv_env_PKG_CONFIG_PATH_value=
ac_cv_env_PKG_CONFIG_set=
ac_cv_env_PKG_CONFIG_value=
ac_cv_env_PYTHON_set=
ac_cv_env_PYTHON_value=
ac_cv_env_build_alias_set=
ac_cv_env_build_alias_value=
ac_cv_env_host_alias_set=
ac_cv_env_host_alias_value=
ac_cv_env_target_alias_set=
ac_cv_env_target_alias_value=
ac_cv_header_dlfcn_h=yes
ac_cv_header_inttypes_h=yes
ac_cv_header_memory_h=yes
ac_cv_header_stdc=yes
ac_cv_header_stdint_h=yes
ac_cv_header_stdlib_h=yes
ac_cv_header_string_h=yes
ac_cv_header_strings_h=yes
ac_cv_header_sys_stat_h=yes
ac_cv_header_sys_types_h=yes
ac_cv_header_unistd_h=yes
ac_cv_host=i686-pc-linux-gnu
ac_cv_objext=o
ac_cv_path_EGREP='/bin/grep -E'
ac_cv_path_FGREP='/bin/grep -F'
ac_cv_path_GREP=/bin/grep
ac_cv_path_PYTHON=/usr/bin/python
ac_cv_path_SED=/bin/sed
ac_cv_path_ac_pt_PKG_CONFIG=/usr/bin/pkg-config
ac_cv_path_install='/usr/bin/install -c'
ac_cv_path_mkdir=/bin/mkdir
ac_cv_prog_AWK=mawk
ac_cv_prog_CPP='gcc -E'
ac_cv_prog_ac_ct_AR=ar
ac_cv_prog_ac_ct_CC=gcc
ac_cv_prog_ac_ct_MANIFEST_TOOL=mt
ac_cv_prog_ac_ct_OBJDUMP=objdump
ac_cv_prog_ac_ct_RANLIB=ranlib
ac_cv_prog_ac_ct_STRIP=strip
ac_cv_prog_cc_c89=
ac_cv_prog_cc_g=yes
ac_cv_prog_make_make_set=yes
ac_cv_search_gethostbyname='none required'
ac_cv_search_inet_aton='none required'
ac_cv_search_nanosleep='none required'
ac_cv_search_socket='none required'
ac_cv_target=i686-pc-linux-gnu
am_cv_CC_dependencies_compiler_type=gcc3
am_cv_make_support_nested_variables=yes
am_cv_pathless_PYTHON=python
am_cv_prog_cc_c_o=yes
am_cv_prog_tar_ustar=gnutar
am_cv_python_platform=linux2
am_cv_python_pyexecdir='${exec_prefix}/lib/python2.7/dist-packages'
am_cv_python_pythondir='${prefix}/lib/python2.7/dist-packages'
am_cv_python_version=2.7
ax_cv_pathless_LUA=none
lt_cv_ar_at_file=@
lt_cv_archive_cmds_need_lc=no
lt_cv_deplibs_check_method=pass_all
lt_cv_file_magic_cmd='$MAGIC_CMD'
lt_cv_file_magic_test_file=
lt_cv_ld_reload_flag=-r
lt_cv_nm_interface='BSD nm'
lt_cv_objdir=.libs
lt_cv_path_LD=/usr/bin/ld
lt_cv_path_NM='/usr/bin/nm -B'
lt_cv_path_mainfest_tool=no
lt_cv_prog_compiler_c_o=yes
lt_cv_prog_compiler_pic='-fPIC -DPIC'
lt_cv_prog_compiler_pic_works=yes
lt_cv_prog_compiler_rtti_exceptions=no
lt_cv_prog_compiler_static_works=yes
lt_cv_prog_gnu_ld=yes
lt_cv_sharedlib_from_linklib_cmd='printf %s\n'
lt_cv_shlibpath_overrides_runpath=no
lt_cv_sys_global_symbol_pipe='sed -n -e '\''s/^.*[	 ]\([ABCDGIRSTW][ABCDGIRSTW]*\)[	 ][	 ]*\([_A-Za-z][_A-Za-z0-9]*\)$/\1 \2 \2/p'\'' | sed '\''/ __gnu_lto/d'\'''
lt_cv_sys_global_symbol_to_c_name_address='sed -n -e '\''s/^: \([^ ]*\)[ ]*$/  {\"\1\", (void *) 0},/p'\'' -e '\''s/^[ABCDGIRSTW]* \([^ ]*\) \([^ ]*\)$/  {"\2", (void *) \&\2},/p'\'''
lt_cv_sys_global_symbol_to_c_name_address_lib_prefix='sed -n -e '\''s/^: \([^ ]*\)[ ]*$/  {\"\1\", (void *) 0},/p'\'' -e '\''s/^[ABCDGIRSTW]* \([^ ]*\) \(lib[^ ]*\)$/  {"\2", (void *) \&\2},/p'\'' -e '\''s/^[ABCDGIRSTW]* \([^ ]*\) \([^ ]*\)$/  {"lib\2", (void *) \&\2},/p'\'''
lt_cv_sys_global_symbol_to_cdecl='sed -n -e '\''s/^T .* \(.*\)$/extern int \1();/p'\'' -e '\''s/^[ABCDGIRSTW]* .* \(.*\)$/extern char \1;/p'\'''
lt_cv_sys_max_cmd_len=1572864
lt_cv_to_host_file_cmd=func_convert_file_noop
lt_cv_to_tool_file_cmd=func_convert_file_noop
pkg_cv_GLIB_CFLAGS='-pthread -I/usr/include/glib-2.0 -I/usr/lib/i386-linux-gnu/glib-2.0/include '
pkg_cv_GLIB_LIBS='-lgthread-2.0 -pthread -lglib-2.0 '

## ----------------- ##
## Output variables. ##
## ----------------- ##

ACLOCAL='${SHELL} /home/msv/thesisWork/approaches/lcm-1.2.1/missing aclocal-1.14'
AMDEPBACKSLASH='\'
AMDEP_FALSE='#'
AMDEP_TRUE=''
AMTAR='$${TAR-tar}'
AM_BACKSLASH='\'
AM_CFLAGS=' -g -std=gnu99 -Wall -D_FILE_OFFSET_BITS=64 -D_LARGEFILE_SOURCE -D_REENTRANT -Wno-unused-parameter -Wno-format-zero-length -Wshadow'
AM_DEFAULT_V='$(AM_DEFAULT_VERBOSITY)'
AM_DEFAULT_VERBOSITY='0'
AM_V='$(V)'
AR='ar'
AUTOCONF='${SHELL} /home/msv/thesisWork/approaches/lcm-1.2.1/missing autoconf'
AUTOHEADER='${SHELL} /home/msv/thesisWork/approaches/lcm-1.2.1/missing autoheader'
AUTOMAKE='${SHELL} /home/msv/thesisWork/approaches/lcm-1.2.1/missing automake-1.14'
AWK='mawk'
CC='gcc'
CCDEPMODE='depmode=gcc3'
CFLAGS='-g -O2'
CHART2D_VERSION='3.2.2'
CPP='gcc -E'
CPPFLAGS=''
CYGPATH_W='echo'
DEFS='-DPACKAGE_NAME=\"lcm\" -DPACKAGE_TARNAME=\"lcm\" -DPACKAGE_VERSION=\"1.2.1\" -DPACKAGE_STRING=\"lcm\ 1.2.1\" -DPACKAGE_BUGREPORT=\"\" -DPACKAGE_URL=\"\" -DPACKAGE=\"lcm\" -DVERSION=\"1.2.1\" -DSTDC_HEADERS=1 -DHAVE_SYS_TYPES_H=1 -DHAVE_SYS_STAT_H=1 -DHAVE_STDLIB_H=1 -DHAVE_STRING_H=1 -DHAVE_MEMORY_H=1 -DHAVE_STRINGS_H=1 -DHAVE_INTTYPES_H=1 -DHAVE_STDINT_H=1 -DHAVE_UNISTD_H=1 -DHAVE_DLFCN_H=1 -DLT_OBJDIR=\".libs/\"'
DEPDIR='.deps'
DLLTOOL='false'
DSYMUTIL=''
DUMPBIN=''
ECHO_C=''
ECHO_N='-n'
ECHO_T=''
EGREP='/bin/grep -E'
EXEEXT=''
FGREP='/bin/grep -F'
GLIB_CFLAGS='-pthread -I/usr/include/glib-2.0 -I/usr/lib/i386-linux-gnu/glib-2.0/include '
GLIB_LIBS='-lgthread-2.0 -pthread -lglib-2.0 '
GREP='/bin/grep'
HAVE_JAVA_FALSE=''
HAVE_JAVA_TRUE='#'
HAVE_LUA_FALSE=''
HAVE_LUA_TRUE='#'
HAVE_PYTHON_FALSE=''
HAVE_PYTHON_TRUE='#'
INSTALLED_CLASSPATH='${jardir}/lcm.jar'
INSTALL_DATA='${INSTALL} -m 644'
INSTALL_PROGRAM='${INSTALL}'
INSTALL_SCRIPT='${INSTALL}'
INSTALL_STRIP_PROGRAM='$(install_sh) -c -s'
JAR=''
JAVAC=''
LD='/usr/bin/ld'
LDFLAGS=''
LIBLCM_AGE='3'
LIBLCM_CURRENT='4'
LIBLCM_REVISION='3'
LIBLCM_VERSION_INFO='4:3:3'
LIBOBJS=''
LIBS=''
LIBTOOL='$(SHELL) $(top_builddir)/libtool'
LIPO=''
LN_S='ln -s'
LTLIBOBJS=''
LUA=':'
LUA_EXEC_PREFIX=''
LUA_INCLUDE=''
LUA_LIB=''
LUA_PLATFORM=''
LUA_PREFIX=''
LUA_SHORT_VERSION=''
LUA_VERSION=''
MAKEINFO='${SHELL} /home/msv/thesisWork/approaches/lcm-1.2.1/missing makeinfo'
MANIFEST_TOOL=':'
MKDIR_P='/bin/mkdir -p'
NM='/usr/bin/nm -B'
NMEDIT=''
OBJDUMP='objdump'
OBJEXT='o'
OTOOL64=''
OTOOL=''
PACKAGE='lcm'
PACKAGE_BUGREPORT=''
PACKAGE_NAME='lcm'
PACKAGE_STRING='lcm 1.2.1'
PACKAGE_TARNAME='lcm'
PACKAGE_URL=''
PACKAGE_VERSION='1.2.1'
PATH_SEPARATOR=':'
PKG_CONFIG='/usr/bin/pkg-config'
PKG_CONFIG_LIBDIR=''
PKG_CONFIG_PATH=''
PYTHON='/usr/bin/python'
PYTHON_EXEC_PREFIX='${exec_prefix}'
PYTHON_INCLUDES='-I/usr/include/python2.7'
PYTHON_PLATFORM='linux2'
PYTHON_PREFIX='${prefix}'
PYTHON_VERSION='2.7'
RANLIB='ranlib'
SED='/bin/sed'
SET_MAKE=''
SHELL='/bin/bash'
STRIP='strip'
VERSION='1.2.1'
ac_ct_AR='ar'
ac_ct_CC='gcc'
ac_ct_DUMPBIN=''
am__EXEEXT_FALSE=''
am__EXEEXT_TRUE='#'
am__fastdepCC_FALSE='#'
am__fastdepCC_TRUE=''
am__include='include'
am__isrc=''
am__leading_dot='.'
am__nodep='_no'
am__quote=''
am__tar='tar --format=ustar -chf - "$$tardir"'
am__untar='tar -xf -'
bindir='${exec_prefix}/bin'
build='i686-pc-linux-gnu'
build_alias=''
build_cpu='i686'
build_os='linux-gnu'
build_vendor='pc'
datadir='${datarootdir}'
datarootdir='${prefix}/share'
docdir='${datarootdir}/doc/${PACKAGE_TARNAME}'
dvidir='${docdir}'
exec_prefix='${prefix}'
host='i686-pc-linux-gnu'
host_alias=''
host_cpu='i686'
host_os='linux-gnu'
host_vendor='pc'
htmldir='${docdir}'
includedir='${prefix}/include'
infodir='${datarootdir}/info'
install_sh='${SHELL} /home/msv/thesisWork/approaches/lcm-1.2.1/install-sh'
jardir='${datarootdir}/java'
java_apiversion='1.0'
libdir='${exec_prefix}/lib'
libexecdir='${exec_prefix}/libexec'
localedir='${datarootdir}/locale'
localstatedir='${prefix}/var'
luadir=''
luaexecdir=''
mandir='${datarootdir}/man'
mkdir_p='$(MKDIR_P)'
oldincludedir='/usr/include'
pdfdir='${docdir}'
pkgluadir=''
pkgluaexecdir=''
pkgpyexecdir='${pyexecdir}/lcm'
pkgpythondir='${pythondir}/lcm'
prefix='/usr/local'
program_transform_name='s,x,x,'
psdir='${docdir}'
pyexecdir='${exec_prefix}/lib/python2.7/dist-packages'
pylcmexecdir='${exec_prefix}/lib/python2.7/dist-packages/lcm'
pythondir='${prefix}/lib/python2.7/dist-packages'
sbindir='${exec_prefix}/sbin'
sharedstatedir='${prefix}/com'
sysconfdir='${prefix}/etc'
target='i686-pc-linux-gnu'
target_alias=''
target_cpu='i686'
target_os='linux-gnu'
target_vendor='pc'

## ----------- ##
## confdefs.h. ##
## ----------- ##

/* confdefs.h */
#define PACKAGE_NAME "lcm"
#define PACKAGE_TARNAME "lcm"
#define PACKAGE_VERSION "1.2.1"
#define PACKAGE_STRING "lcm 1.2.1"
#define PACKAGE_BUGREPORT ""
#define PACKAGE_URL ""
#define PACKAGE "lcm"
#define VERSION "1.2.1"
#define STDC_HEADERS 1
#define HAVE_SYS_TYPES_H 1
#define HAVE_SYS_STAT_H 1
#define HAVE_STDLIB_H 1
#define HAVE_STRING_H 1
#define HAVE_MEMORY_H 1
#define HAVE_STRINGS_H 1
#define HAVE_INTTYPES_H 1
#define HAVE_STDINT_H 1
#define HAVE_UNISTD_H 1
#define HAVE_DLFCN_H 1
#define LT_OBJDIR ".libs/"

configure: exit 0

## ---------------------- ##
## Running config.status. ##
## ---------------------- ##

This file was extended by lcm config.status 1.2.1, which was
generated by GNU Autoconf 2.69.  Invocation command line was

  CONFIG_FILES    = 
  CONFIG_HEADERS  = 
  CONFIG_LINKS    = 
  CONFIG_COMMANDS = 
  $ ./config.status 

on ubuntu

config.status:1063: creating Makefile
config.status:1063: creating lcm/Makefile
config.status:1063: creating lcm/lcm.pc
config.status:1063: creating liblcm-test/Makefile
config.status:1063: creating lcm-logger/Makefile
config.status:1063: creating lcmgen/Makefile
config.status:1063: creating lcm-java/Makefile
config.status:1063: creating lcm-java/lcm-java.pc
config.status:1063: creating lcm-python/Makefile
config.status:1063: creating lcm-lua/Makefile
config.status:1063: creating examples/Makefile
config.status:1063: creating m4/Makefile
config.status:1063: creating m4macros/Makefile
config.status:1235: executing depfiles commands
config.status:1235: executing libtool commands
